<?xml version="1.0" encoding="UTF-8"?>
<!-- Generated by org.testng.reporters.JUnitReportReporter -->
<testsuite skipped="0" hostname="WIN-33EPTFDHB8Q" name="demo.Test1" tests="1" failures="0" timestamp="2020-11-13T20:30:33 CST" time="19.014" errors="0">
  <testcase name="f" time="19.014" classname="demo.Test1"/>
  <system-out/>
</testsuite> <!-- demo.Test1 -->
