<?xml version="1.0" encoding="UTF-8"?>
<!-- Generated by org.testng.reporters.JUnitReportReporter -->
<testsuite skipped="0" hostname="WIN-33EPTFDHB8Q" name="New" tests="1" failures="0" timestamp="2020-11-23T14:31:23 CST" time="31.493" errors="0">
  <testcase name="f" time="31.493" classname="New"/>
  <system-out/>
</testsuite> <!-- New -->
