<?xml version="1.0" encoding="UTF-8"?>
<!-- Generated by org.testng.reporters.JUnitReportReporter -->
<testsuite skipped="0" hostname="WIN-33EPTFDHB8Q" name="Test1" tests="1" failures="0" timestamp="2020-11-25T16:41:16 CST" time="16.380" errors="0">
  <testcase name="f" time="16.380" classname="Test1"/>
  <system-out/>
</testsuite> <!-- Test1 -->
